<?xml version="1.0" encoding="UTF-8"?>
<testsuites name="checkout" time="114.672" tests="2" failures="0" errors="0">
   <testsuite name="checkout" tests="2" failures="0" errors="0" time="114.672" skipped="0" timestamp="14-02-2024T00:16:14" hostname="BRI - 192.168.0.101" id="Test Suites/checkout">
      <properties>
         <property name="deviceName" value=""/>
         <property name="devicePlatform" value=""/>
         <property name="logFolder" value="D:\\Automation\\advaantage_testing\\Reports\\20240214_001606\\checkout\\20240214_001606"/>
         <property name="logFiles" value="D:\\Automation\\advaantage_testing\\Reports\\20240214_001606\\checkout\\20240214_001606\\execution0.log"/>
         <property name="attachments" value=""/>
         <property name="hostName" value="BRI - 192.168.0.101"/>
         <property name="os" value="Windows 11 64bit"/>
         <property name="katalonVersion" value="9.3.0.212"/>
         <property name="browser" value="Chrome 121.0.0.0"/>
         <property name="hostAddress" value="192.168.0.101"/>
         <property name="sessionId" value="30adfc669c8a02050337c41084741d8a"/>
         <property name="seleniumVersion" value="3.141.59"/>
         <property name="proxyInformation" value="ProxyInformation { proxyOption=NO_PROXY, proxyServerType=HTTP, username=, password=********, proxyServerAddress=, proxyServerPort=0, executionList=&quot;&quot;, isApplyToDesiredCapabilities=true }"/>
         <property name="platform" value="Windows 11"/>
      </properties>
      <testcase name="Test Cases/remove_checkout" time="65.905" classname="Test Cases/remove_checkout" status="PASSED">
         <system-out><![CDATA[14-02-2024T00:16:15 - [TEST_CASE][PASSED] - Test Cases/remove_checkout: Test Cases/remove_checkout

14-02-2024T00:16:16 - [TEST_STEP][PASSED] - openBrowser(""): Browser is opened with url: ''

14-02-2024T00:16:17 - [MESSAGE][INFO] - Starting 'Chrome' driver

14-02-2024T00:16:17 - [MESSAGE][INFO] - Action delay is set to 0 milliseconds

14-02-2024T00:16:22 - [MESSAGE][PASSED] - Browser is opened with url: ''

14-02-2024T00:16:23 - [TEST_STEP][PASSED] - navigateToUrl(url): Navigate to 'https://advantageonlineshopping.com/?authuser=0#/' successfully

14-02-2024T00:16:26 - [MESSAGE][PASSED] - Navigate to 'https://advantageonlineshopping.com/?authuser=0#/' successfully

14-02-2024T00:16:26 - [TEST_STEP][PASSED] - click(findTestObject("Object Repository/remove_item/Page_Advantage Shopping/a_My account My orde_124641")): Object: 'Object Repository/remove_item/Page_Advantage Shopping/a_My account My orde_124641' is clicked on

14-02-2024T00:16:31 - [MESSAGE][PASSED] - Object: 'Object Repository/remove_item/Page_Advantage Shopping/a_My account My orde_124641' is clicked on

14-02-2024T00:16:31 - [TEST_STEP][PASSED] - setText(findTestObject("Object Repository/remove_item/Page_Advantage Shopping/input_OR_username"), username): Text 'ruslan1' is set on object 'Object Repository/remove_item/Page_Advantage Shopping/input_OR_username'

14-02-2024T00:16:32 - [MESSAGE][PASSED] - Text 'ruslan1' is set on object 'Object Repository/remove_item/Page_Advantage Shopping/input_OR_username'

14-02-2024T00:16:32 - [TEST_STEP][PASSED] - setText(findTestObject("Object Repository/remove_item/Page_Advantage Shopping/input_Username_password"), password): Text 'P@ssw0rd' is set on object 'Object Repository/remove_item/Page_Advantage Shopping/input_Username_password'

14-02-2024T00:16:35 - [MESSAGE][PASSED] - Text 'P@ssw0rd' is set on object 'Object Repository/remove_item/Page_Advantage Shopping/input_Username_password'

14-02-2024T00:16:35 - [TEST_STEP][PASSED] - click(findTestObject("Object Repository/remove_item/Page_Advantage Shopping/button_SIGN IN")): Object: 'Object Repository/remove_item/Page_Advantage Shopping/button_SIGN IN' is clicked on

14-02-2024T00:16:37 - [MESSAGE][PASSED] - Object: 'Object Repository/remove_item/Page_Advantage Shopping/button_SIGN IN' is clicked on

14-02-2024T00:16:37 - [TEST_STEP][PASSED] - click(findTestObject("Object Repository/remove_item/Page_Advantage Shopping/span_TABLETS")): Object: 'Object Repository/remove_item/Page_Advantage Shopping/span_TABLETS' is clicked on

14-02-2024T00:16:38 - [MESSAGE][PASSED] - Object: 'Object Repository/remove_item/Page_Advantage Shopping/span_TABLETS' is clicked on

14-02-2024T00:16:38 - [TEST_STEP][PASSED] - click(findTestObject("Object Repository/remove_item/Page_Advantage Shopping/img_SHOP NOW_16")): Object: 'Object Repository/remove_item/Page_Advantage Shopping/img_SHOP NOW_16' is clicked on

14-02-2024T00:16:45 - [MESSAGE][PASSED] - Object: 'Object Repository/remove_item/Page_Advantage Shopping/img_SHOP NOW_16' is clicked on

14-02-2024T00:16:45 - [TEST_STEP][PASSED] - click(findTestObject("Object Repository/remove_item/Page_Advantage Shopping/button_ADD TO CART")): Object: 'Object Repository/remove_item/Page_Advantage Shopping/button_ADD TO CART' is clicked on

14-02-2024T00:17:12 - [MESSAGE][PASSED] - Object: 'Object Repository/remove_item/Page_Advantage Shopping/button_ADD TO CART' is clicked on

14-02-2024T00:17:12 - [TEST_STEP][PASSED] - click(findTestObject("Object Repository/remove_item/Page_Advantage Shopping/a_1")): Object: 'Object Repository/remove_item/Page_Advantage Shopping/a_1' is clicked on

14-02-2024T00:17:16 - [MESSAGE][PASSED] - Object: 'Object Repository/remove_item/Page_Advantage Shopping/a_1' is clicked on

14-02-2024T00:17:16 - [TEST_STEP][PASSED] - click(findTestObject("Object Repository/remove_item/Page_Advantage Shopping/a_REMOVE")): Object: 'Object Repository/remove_item/Page_Advantage Shopping/a_REMOVE' is clicked on

14-02-2024T00:17:18 - [MESSAGE][PASSED] - Object: 'Object Repository/remove_item/Page_Advantage Shopping/a_REMOVE' is clicked on

14-02-2024T00:17:18 - [TEST_STEP][PASSED] - pathObjekHapusItem = "Object Repository/remove_item/Page_Advantage Shopping/a_REMOVE": null

14-02-2024T00:17:18 - [TEST_STEP][PASSED] - pathObjekKeranjangKosong = "Object Repository/remove_item/Page_Advantage Shopping/label_Your shopping cart is empty": null

14-02-2024T00:17:20 - [TEST_STEP][PASSED] - Video: Video recording for test case 'Test Cases/remove_checkout' .

14-02-2024T00:17:20 - [MESSAGE][INFO] - Video recording for test case 'Test Cases/remove_checkout' .]]></system-out>
         <system-err><![CDATA[]]></system-err>
      </testcase>
      <testcase name="Test Cases/cekout barang" time="48.296" classname="Test Cases/cekout barang" status="PASSED">
         <system-out><![CDATA[14-02-2024T00:17:20 - [TEST_CASE][PASSED] - Test Cases/cekout barang: Test Cases/cekout barang

14-02-2024T00:17:21 - [TEST_STEP][PASSED] - openBrowser(""): Browser is opened with url: ''

14-02-2024T00:17:21 - [MESSAGE][WARNING] - A browser is already opened. Closing browser and opening a new one

14-02-2024T00:17:22 - [MESSAGE][INFO] - Starting 'Chrome' driver

14-02-2024T00:17:22 - [MESSAGE][INFO] - Action delay is set to 0 milliseconds

14-02-2024T00:17:25 - [MESSAGE][PASSED] - Browser is opened with url: ''

14-02-2024T00:17:25 - [TEST_STEP][PASSED] - navigateToUrl(url): Navigate to 'https://advantageonlineshopping.com/?authuser=0#/' successfully

14-02-2024T00:17:28 - [MESSAGE][PASSED] - Navigate to 'https://advantageonlineshopping.com/?authuser=0#/' successfully

14-02-2024T00:17:28 - [TEST_STEP][PASSED] - click(findTestObject("Object Repository/Checkout/Page_Advantage Shopping/a_My account                        My orde_124641")): Object: 'Object Repository/Checkout/Page_Advantage Shopping/a_My account                        My orde_124641' is clicked on

14-02-2024T00:17:36 - [MESSAGE][PASSED] - Object: 'Object Repository/Checkout/Page_Advantage Shopping/a_My account                        My orde_124641' is clicked on

14-02-2024T00:17:36 - [TEST_STEP][PASSED] - setText(findTestObject("Object Repository/Checkout/Page_Advantage Shopping/input_OR_username"), username): Text 'ruslan1' is set on object 'Object Repository/Checkout/Page_Advantage Shopping/input_OR_username'

14-02-2024T00:17:39 - [MESSAGE][PASSED] - Text 'ruslan1' is set on object 'Object Repository/Checkout/Page_Advantage Shopping/input_OR_username'

14-02-2024T00:17:39 - [TEST_STEP][PASSED] - setText(findTestObject("Object Repository/Checkout/Page_Advantage Shopping/input_Username_password"), password): Text 'P@ssw0rd' is set on object 'Object Repository/Checkout/Page_Advantage Shopping/input_Username_password'

14-02-2024T00:17:41 - [MESSAGE][PASSED] - Text 'P@ssw0rd' is set on object 'Object Repository/Checkout/Page_Advantage Shopping/input_Username_password'

14-02-2024T00:17:41 - [TEST_STEP][PASSED] - click(findTestObject("Object Repository/Checkout/Page_Advantage Shopping/button_SIGN IN")): Object: 'Object Repository/Checkout/Page_Advantage Shopping/button_SIGN IN' is clicked on

14-02-2024T00:17:42 - [MESSAGE][PASSED] - Object: 'Object Repository/Checkout/Page_Advantage Shopping/button_SIGN IN' is clicked on

14-02-2024T00:17:42 - [TEST_STEP][PASSED] - click(findTestObject("Object Repository/Checkout/Page_Advantage Shopping/span_TABLETS")): Object: 'Object Repository/Checkout/Page_Advantage Shopping/span_TABLETS' is clicked on

14-02-2024T00:17:43 - [MESSAGE][PASSED] - Object: 'Object Repository/Checkout/Page_Advantage Shopping/span_TABLETS' is clicked on

14-02-2024T00:17:43 - [TEST_STEP][PASSED] - click(findTestObject("Object Repository/Checkout/Page_Advantage Shopping/img_SHOP NOW_16")): Object: 'Object Repository/Checkout/Page_Advantage Shopping/img_SHOP NOW_16' is clicked on

14-02-2024T00:17:46 - [MESSAGE][PASSED] - Object: 'Object Repository/Checkout/Page_Advantage Shopping/img_SHOP NOW_16' is clicked on

14-02-2024T00:17:46 - [TEST_STEP][PASSED] - click(findTestObject("Object Repository/Checkout/Page_Advantage Shopping/button_ADD TO CART")): Object: 'Object Repository/Checkout/Page_Advantage Shopping/button_ADD TO CART' is clicked on

14-02-2024T00:17:50 - [MESSAGE][PASSED] - Object: 'Object Repository/Checkout/Page_Advantage Shopping/button_ADD TO CART' is clicked on

14-02-2024T00:17:50 - [TEST_STEP][PASSED] - click(findTestObject("Object Repository/Checkout/Page_Advantage Shopping/a_1")): Object: 'Object Repository/Checkout/Page_Advantage Shopping/a_1' is clicked on

14-02-2024T00:17:54 - [MESSAGE][PASSED] - Object: 'Object Repository/Checkout/Page_Advantage Shopping/a_1' is clicked on

14-02-2024T00:17:54 - [TEST_STEP][PASSED] - click(findTestObject("Object Repository/Checkout/Page_Advantage Shopping/button_CHECKOUT (1,009.00)")): Object: 'Object Repository/Checkout/Page_Advantage Shopping/button_CHECKOUT (1,009.00)' is clicked on

14-02-2024T00:17:57 - [MESSAGE][PASSED] - Object: 'Object Repository/Checkout/Page_Advantage Shopping/button_CHECKOUT (1,009.00)' is clicked on

14-02-2024T00:17:57 - [TEST_STEP][PASSED] - click(findTestObject("Object Repository/Checkout/Page_Advantage Shopping/button_NEXT")): Object: 'Object Repository/Checkout/Page_Advantage Shopping/button_NEXT' is clicked on

14-02-2024T00:18:00 - [MESSAGE][PASSED] - Object: 'Object Repository/Checkout/Page_Advantage Shopping/button_NEXT' is clicked on

14-02-2024T00:18:00 - [TEST_STEP][PASSED] - click(findTestObject("Object Repository/Checkout/Page_Advantage Shopping/img")): Object: 'Object Repository/Checkout/Page_Advantage Shopping/img' is clicked on

14-02-2024T00:18:01 - [MESSAGE][PASSED] - Object: 'Object Repository/Checkout/Page_Advantage Shopping/img' is clicked on

14-02-2024T00:18:01 - [TEST_STEP][PASSED] - setText(findTestObject("Object Repository/Checkout/Page_Advantage Shopping/input__safepay_username"), safepay_username): Text 'ruslan
' is set on object 'Object Repository/Checkout/Page_Advantage Shopping/input__safepay_username'

14-02-2024T00:18:02 - [MESSAGE][PASSED] - Text 'ruslan
' is set on object 'Object Repository/Checkout/Page_Advantage Shopping/input__safepay_username'

14-02-2024T00:18:02 - [TEST_STEP][PASSED] - setText(findTestObject("Object Repository/Checkout/Page_Advantage Shopping/input__safepay_password"), safepay_password): Text 'P@ssw0rd' is set on object 'Object Repository/Checkout/Page_Advantage Shopping/input__safepay_password'

14-02-2024T00:18:06 - [MESSAGE][PASSED] - Text 'P@ssw0rd' is set on object 'Object Repository/Checkout/Page_Advantage Shopping/input__safepay_password'

14-02-2024T00:18:06 - [TEST_STEP][PASSED] - click(findTestObject("Object Repository/Checkout/Page_Advantage Shopping/button_PAY NOW")): Object: 'Object Repository/Checkout/Page_Advantage Shopping/button_PAY NOW' is clicked on

14-02-2024T00:18:07 - [MESSAGE][PASSED] - Object: 'Object Repository/Checkout/Page_Advantage Shopping/button_PAY NOW' is clicked on

14-02-2024T00:18:09 - [TEST_STEP][PASSED] - Video: Video recording for test case 'Test Cases/cekout barang' .

14-02-2024T00:18:09 - [MESSAGE][INFO] - Video recording for test case 'Test Cases/cekout barang' .]]></system-out>
         <system-err><![CDATA[]]></system-err>
      </testcase>
      <system-out><![CDATA[14-02-2024T00:16:14 - [TEST_SUITE][PASSED] - checkout: Test Cases/cekout barang]]></system-out>
      <system-err><![CDATA[]]></system-err>
   </testsuite>
</testsuites>
